Group 0 - White
Group 1 - Black
Board:
    1    2    3    4    5    6    7    8  
   ???? ???? ???? ???? ???? ???? ???? ????
A|  --   --   --   --   --   --   --   --  |A
B|  --   --   --   MW   MB   --   --   --  |B
C|  --   --   MW   MB   MW   MB   --   --  |C
D|  --   MW   MB   MW   MB   MW   MB   --  |D
E|  --   MB   MW   MB   MW   MB   MW   --  |E
F|  --   --   MB   MW   MB   MW   --   --  |F
G|  --   --   --   MB   MW   --   --   --  |G
H|  --   --   --   --   --   --   --   --  |H
   ???? ???? ???? ???? ???? ???? ???? ????
    1    2    3    4    5    6    7    8  

Elapsed time: 3
MOVE B4,NE
Moves: 1 | White pawns: 12 | Black pawns: 12
Board:
    1    2    3    4    5    6    7    8  
   ???? ???? ???? ???? ???? ???? ???? ????
A|  --   --   --   --   MW   --   --   --  |A
B|  --   --   --   --   MB   --   --   --  |B
C|  --   --   MW   MB   MW   MB   --   --  |C
D|  --   MW   MB   MW   MB   MW   MB   --  |D
E|  --   MB   MW   MB   MW   MB   MW   --  |E
F|  --   --   MB   MW   MB   MW   --   --  |F
G|  --   --   --   MB   MW   --   --   --  |G
H|  --   --   --   --   --   --   --   --  |H
   ???? ???? ???? ???? ???? ???? ???? ????
    1    2    3    4    5    6    7    8  

Elapsed time: 3086
MOVE B5,W
Moves: 2 | White pawns: 12 | Black pawns: 12
Board:
    1    2    3    4    5    6    7    8  
   ???? ???? ???? ???? ???? ???? ???? ????
A|  --   --   --   --   MW   --   --   --  |A
B|  MB   --   --   --   --   --   --   --  |B
C|  --   --   MW   MB   MW   MB   --   --  |C
D|  --   MW   MB   MW   MB   MW   MB   --  |D
E|  --   MB   MW   MB   MW   MB   MW   --  |E
F|  --   --   MB   MW   MB   MW   --   --  |F
G|  --   --   --   MB   MW   --   --   --  |G
H|  --   --   --   --   --   --   --   --  |H
   ???? ???? ???? ???? ???? ???? ???? ????
    1    2    3    4    5    6    7    8  

Elapsed time: 4274
MOVE A5,E
Moves: 3 | White pawns: 12 | Black pawns: 12
Board:
    1    2    3    4    5    6    7    8  
   ???? ???? ???? ???? ???? ???? ???? ????
A|  --   --   --   --   --   --   --   MW  |A
B|  MB   --   --   --   --   --   --   --  |B
C|  --   --   MW   MB   MW   MB   --   --  |C
D|  --   MW   MB   MW   MB   MW   MB   --  |D
E|  --   MB   MW   MB   MW   MB   MW   --  |E
F|  --   --   MB   MW   MB   MW   --   --  |F
G|  --   --   --   MB   MW   --   --   --  |G
H|  --   --   --   --   --   --   --   --  |H
   ???? ???? ???? ???? ???? ???? ???? ????
    1    2    3    4    5    6    7    8  

Elapsed time: 4775
MOVE B1,S
Moves: 4 | White pawns: 12 | Black pawns: 12
Board:
    1    2    3    4    5    6    7    8  
   ???? ???? ???? ???? ???? ???? ???? ????
A|  --   --   --   --   --   --   --   MW  |A
B|  --   --   --   --   --   --   --   --  |B
C|  --   --   MW   MB   MW   MB   --   --  |C
D|  --   MW   MB   MW   MB   MW   MB   --  |D
E|  --   MB   MW   MB   MW   MB   MW   --  |E
F|  --   --   MB   MW   MB   MW   --   --  |F
G|  --   --   --   MB   MW   --   --   --  |G
H|  MB   --   --   --   --   --   --   --  |H
   ???? ???? ???? ???? ???? ???? ???? ????
    1    2    3    4    5    6    7    8  

Elapsed time: 211
MOVE A8,SW
Moves: 5 | White pawns: 11 | Black pawns: 11
Board:
    1    2    3    4    5    6    7    8  
   ???? ???? ???? ???? ???? ???? ???? ????
A|  --   --   --   --   --   --   --   --  |A
B|  --   --   --   --   --   --   --   --  |B
C|  --   --   MW   MB   MW   --   --   --  |C
D|  --   MW   MB   MW   MB   MW   MB   --  |D
E|  --   MB   MW   MB   MW   MB   MW   --  |E
F|  --   --   MB   MW   MB   MW   --   --  |F
G|  --   --   --   MB   MW   --   --   --  |G
H|  MB   --   --   --   --   --   --   --  |H
   ???? ???? ???? ???? ???? ???? ???? ????
    1    2    3    4    5    6    7    8  

Elapsed time: 4710
MOVE C4,N
Moves: 6 | White pawns: 11 | Black pawns: 11
Board:
    1    2    3    4    5    6    7    8  
   ???? ???? ???? ???? ???? ???? ???? ????
A|  --   --   --   MB   --   --   --   --  |A
B|  --   --   --   --   --   --   --   --  |B
C|  --   --   MW   --   MW   --   --   --  |C
D|  --   MW   MB   MW   MB   MW   MB   --  |D
E|  --   MB   MW   MB   MW   MB   MW   --  |E
F|  --   --   MB   MW   MB   MW   --   --  |F
G|  --   --   --   MB   MW   --   --   --  |G
H|  MB   --   --   --   --   --   --   --  |H
   ???? ???? ???? ???? ???? ???? ???? ????
    1    2    3    4    5    6    7    8  

Elapsed time: 3956
MOVE C3,N
Moves: 7 | White pawns: 11 | Black pawns: 11
Board:
    1    2    3    4    5    6    7    8  
   ???? ???? ???? ???? ???? ???? ???? ????
A|  --   --   MW   MB   --   --   --   --  |A
B|  --   --   --   --   --   --   --   --  |B
C|  --   --   --   --   MW   --   --   --  |C
D|  --   MW   MB   MW   MB   MW   MB   --  |D
E|  --   MB   MW   MB   MW   MB   MW   --  |E
F|  --   --   MB   MW   MB   MW   --   --  |F
G|  --   --   --   MB   MW   --   --   --  |G
H|  MB   --   --   --   --   --   --   --  |H
   ???? ???? ???? ???? ???? ???? ???? ????
    1    2    3    4    5    6    7    8  

Elapsed time: 2407
MOVE A4,S
Moves: 8 | White pawns: 9 | Black pawns: 8
Board:
    1    2    3    4    5    6    7    8  
   ???? ???? ???? ???? ???? ???? ???? ????
A|  --   --   MW   --   --   --   --   --  |A
B|  --   --   --   --   --   --   --   --  |B
C|  --   --   --   --   --   --   --   --  |C
D|  --   MW   --   --   --   MW   MB   --  |D
E|  --   MB   MW   MB   MW   MB   MW   --  |E
F|  --   --   MB   MW   MB   MW   --   --  |F
G|  --   --   --   MB   MW   --   --   --  |G
H|  MB   --   --   --   --   --   --   --  |H
   ???? ???? ???? ???? ???? ???? ???? ????
    1    2    3    4    5    6    7    8  

Elapsed time: 207
MOVE A3,S
Moves: 9 | White pawns: 6 | Black pawns: 6
Board:
    1    2    3    4    5    6    7    8  
   ???? ???? ???? ???? ???? ???? ???? ????
A|  --   --   --   --   --   --   --   --  |A
B|  --   --   --   --   --   --   --   --  |B
C|  --   --   --   --   --   --   --   --  |C
D|  --   --   --   --   --   MW   MB   --  |D
E|  --   --   --   --   MW   MB   MW   --  |E
F|  --   --   MB   MW   MB   MW   --   --  |F
G|  --   --   --   MB   MW   --   --   --  |G
H|  MB   --   --   --   --   --   --   --  |H
   ???? ???? ???? ???? ???? ???? ???? ????
    1    2    3    4    5    6    7    8  

Elapsed time: 3236
MOVE D7,E
Moves: 10 | White pawns: 6 | Black pawns: 6
Board:
    1    2    3    4    5    6    7    8  
   ???? ???? ???? ???? ???? ???? ???? ????
A|  --   --   --   --   --   --   --   --  |A
B|  --   --   --   --   --   --   --   --  |B
C|  --   --   --   --   --   --   --   --  |C
D|  --   --   --   --   --   MW   --   MB  |D
E|  --   --   --   --   MW   MB   MW   --  |E
F|  --   --   MB   MW   MB   MW   --   --  |F
G|  --   --   --   MB   MW   --   --   --  |G
H|  MB   --   --   --   --   --   --   --  |H
   ???? ???? ???? ???? ???? ???? ???? ????
    1    2    3    4    5    6    7    8  

Elapsed time: 2128
MOVE D6,E
Moves: 11 | White pawns: 4 | Black pawns: 4
Board:
    1    2    3    4    5    6    7    8  
   ???? ???? ???? ???? ???? ???? ???? ????
A|  --   --   --   --   --   --   --   --  |A
B|  --   --   --   --   --   --   --   --  |B
C|  --   --   --   --   --   --   --   --  |C
D|  --   --   --   --   --   --   --   --  |D
E|  --   --   --   --   MW   --   --   --  |E
F|  --   --   MB   MW   MB   MW   --   --  |F
G|  --   --   --   MB   MW   --   --   --  |G
H|  MB   --   --   --   --   --   --   --  |H
   ???? ???? ???? ???? ???? ???? ???? ????
    1    2    3    4    5    6    7    8  

Elapsed time: 437
MOVE F3,N
Moves: 12 | White pawns: 4 | Black pawns: 4
Board:
    1    2    3    4    5    6    7    8  
   ???? ???? ???? ???? ???? ???? ???? ????
A|  --   --   MB   --   --   --   --   --  |A
B|  --   --   --   --   --   --   --   --  |B
C|  --   --   --   --   --   --   --   --  |C
D|  --   --   --   --   --   --   --   --  |D
E|  --   --   --   --   MW   --   --   --  |E
F|  --   --   --   MW   MB   MW   --   --  |F
G|  --   --   --   MB   MW   --   --   --  |G
H|  MB   --   --   --   --   --   --   --  |H
   ???? ???? ???? ???? ???? ???? ???? ????
    1    2    3    4    5    6    7    8  

Elapsed time: 99
MOVE E5,E
Moves: 13 | White pawns: 4 | Black pawns: 4
Board:
    1    2    3    4    5    6    7    8  
   ???? ???? ???? ???? ???? ???? ???? ????
A|  --   --   MB   --   --   --   --   --  |A
B|  --   --   --   --   --   --   --   --  |B
C|  --   --   --   --   --   --   --   --  |C
D|  --   --   --   --   --   --   --   --  |D
E|  --   --   --   --   --   --   --   MW  |E
F|  --   --   --   MW   MB   MW   --   --  |F
G|  --   --   --   MB   MW   --   --   --  |G
H|  MB   --   --   --   --   --   --   --  |H
   ???? ???? ???? ???? ???? ???? ???? ????
    1    2    3    4    5    6    7    8  

Elapsed time: 77
MOVE A3,S
Moves: 14 | White pawns: 4 | Black pawns: 4
Board:
    1    2    3    4    5    6    7    8  
   ???? ???? ???? ???? ???? ???? ???? ????
A|  --   --   --   --   --   --   --   --  |A
B|  --   --   --   --   --   --   --   --  |B
C|  --   --   --   --   --   --   --   --  |C
D|  --   --   --   --   --   --   --   --  |D
E|  --   --   --   --   --   --   --   MW  |E
F|  --   --   --   MW   MB   MW   --   --  |F
G|  --   --   --   MB   MW   --   --   --  |G
H|  MB   --   MB   --   --   --   --   --  |H
   ???? ???? ???? ???? ???? ???? ???? ????
    1    2    3    4    5    6    7    8  

Elapsed time: 189
MOVE E8,SW
Moves: 15 | White pawns: 4 | Black pawns: 4
Board:
    1    2    3    4    5    6    7    8  
   ???? ???? ???? ???? ???? ???? ???? ????
A|  --   --   --   --   --   --   --   --  |A
B|  --   --   --   --   --   --   --   --  |B
C|  --   --   --   --   --   --   --   --  |C
D|  --   --   --   --   --   --   --   --  |D
E|  --   --   --   --   --   --   --   --  |E
F|  --   --   --   MW   MB   MW   --   --  |F
G|  --   --   --   MB   MW   --   --   --  |G
H|  MB   --   MB   --   MW   --   --   --  |H
   ???? ???? ???? ???? ???? ???? ???? ????
    1    2    3    4    5    6    7    8  

Elapsed time: 94
MOVE F5,NE
Moves: 16 | White pawns: 4 | Black pawns: 4
Board:
    1    2    3    4    5    6    7    8  
   ???? ???? ???? ???? ???? ???? ???? ????
A|  --   --   --   --   --   --   --   --  |A
B|  --   --   --   --   --   --   --   --  |B
C|  --   --   --   --   --   --   --   MB  |C
D|  --   --   --   --   --   --   --   --  |D
E|  --   --   --   --   --   --   --   --  |E
F|  --   --   --   MW   --   MW   --   --  |F
G|  --   --   --   MB   MW   --   --   --  |G
H|  MB   --   MB   --   MW   --   --   --  |H
   ???? ???? ???? ???? ???? ???? ???? ????
    1    2    3    4    5    6    7    8  

Elapsed time: 22
MOVE F4,NE
Moves: 17 | White pawns: 4 | Black pawns: 4
Board:
    1    2    3    4    5    6    7    8  
   ???? ???? ???? ???? ???? ???? ???? ????
A|  --   --   --   --   --   --   --   --  |A
B|  --   --   --   --   --   --   --   MW  |B
C|  --   --   --   --   --   --   --   MB  |C
D|  --   --   --   --   --   --   --   --  |D
E|  --   --   --   --   --   --   --   --  |E
F|  --   --   --   --   --   MW   --   --  |F
G|  --   --   --   MB   MW   --   --   --  |G
H|  MB   --   MB   --   MW   --   --   --  |H
   ???? ???? ???? ???? ???? ???? ???? ????
    1    2    3    4    5    6    7    8  

Elapsed time: 344
MOVE G4,N
Moves: 18 | White pawns: 4 | Black pawns: 4
Board:
    1    2    3    4    5    6    7    8  
   ???? ???? ???? ???? ???? ???? ???? ????
A|  --   --   --   MB   --   --   --   --  |A
B|  --   --   --   --   --   --   --   MW  |B
C|  --   --   --   --   --   --   --   MB  |C
D|  --   --   --   --   --   --   --   --  |D
E|  --   --   --   --   --   --   --   --  |E
F|  --   --   --   --   --   MW   --   --  |F
G|  --   --   --   --   MW   --   --   --  |G
H|  MB   --   MB   --   MW   --   --   --  |H
   ???? ???? ???? ???? ???? ???? ???? ????
    1    2    3    4    5    6    7    8  

Elapsed time: 130
MOVE G5,N
Moves: 19 | White pawns: 4 | Black pawns: 4
Board:
    1    2    3    4    5    6    7    8  
   ???? ???? ???? ???? ???? ???? ???? ????
A|  --   --   --   MB   MW   --   --   --  |A
B|  --   --   --   --   --   --   --   MW  |B
C|  --   --   --   --   --   --   --   MB  |C
D|  --   --   --   --   --   --   --   --  |D
E|  --   --   --   --   --   --   --   --  |E
F|  --   --   --   --   --   MW   --   --  |F
G|  --   --   --   --   --   --   --   --  |G
H|  MB   --   MB   --   MW   --   --   --  |H
   ???? ???? ???? ???? ???? ???? ???? ????
    1    2    3    4    5    6    7    8  

Elapsed time: 186
MOVE A4,S
Moves: 20 | White pawns: 4 | Black pawns: 4
Board:
    1    2    3    4    5    6    7    8  
   ???? ???? ???? ???? ???? ???? ???? ????
A|  --   --   --   --   MW   --   --   --  |A
B|  --   --   --   --   --   --   --   MW  |B
C|  --   --   --   --   --   --   --   MB  |C
D|  --   --   --   --   --   --   --   --  |D
E|  --   --   --   --   --   --   --   --  |E
F|  --   --   --   --   --   MW   --   --  |F
G|  --   --   --   --   --   --   --   --  |G
H|  MB   --   MB   MB   MW   --   --   --  |H
   ???? ???? ???? ???? ???? ???? ???? ????
    1    2    3    4    5    6    7    8  

Elapsed time: 114
MOVE F6,S
Moves: 21 | White pawns: 4 | Black pawns: 4
Board:
    1    2    3    4    5    6    7    8  
   ???? ???? ???? ???? ???? ???? ???? ????
A|  --   --   --   --   MW   --   --   --  |A
B|  --   --   --   --   --   --   --   MW  |B
C|  --   --   --   --   --   --   --   MB  |C
D|  --   --   --   --   --   --   --   --  |D
E|  --   --   --   --   --   --   --   --  |E
F|  --   --   --   --   --   --   --   --  |F
G|  --   --   --   --   --   --   --   --  |G
H|  MB   --   MB   MB   MW   MW   --   --  |H
   ???? ???? ???? ???? ???? ???? ???? ????
    1    2    3    4    5    6    7    8  

Elapsed time: 230
MOVE C8,NW
Moves: 22 | White pawns: 4 | Black pawns: 4
Board:
    1    2    3    4    5    6    7    8  
   ???? ???? ???? ???? ???? ???? ???? ????
A|  --   --   --   --   MW   MB   --   --  |A
B|  --   --   --   --   --   --   --   MW  |B
C|  --   --   --   --   --   --   --   --  |C
D|  --   --   --   --   --   --   --   --  |D
E|  --   --   --   --   --   --   --   --  |E
F|  --   --   --   --   --   --   --   --  |F
G|  --   --   --   --   --   --   --   --  |G
H|  MB   --   MB   MB   MW   MW   --   --  |H
   ???? ???? ???? ???? ???? ???? ???? ????
    1    2    3    4    5    6    7    8  

Elapsed time: 61
MOVE B8,NW
Moves: 23 | White pawns: 4 | Black pawns: 4
Board:
    1    2    3    4    5    6    7    8  
   ???? ???? ???? ???? ???? ???? ???? ????
A|  --   --   --   --   MW   MB   MW   --  |A
B|  --   --   --   --   --   --   --   --  |B
C|  --   --   --   --   --   --   --   --  |C
D|  --   --   --   --   --   --   --   --  |D
E|  --   --   --   --   --   --   --   --  |E
F|  --   --   --   --   --   --   --   --  |F
G|  --   --   --   --   --   --   --   --  |G
H|  MB   --   MB   MB   MW   MW   --   --  |H
   ???? ???? ???? ???? ???? ???? ???? ????
    1    2    3    4    5    6    7    8  

Elapsed time: 298
MOVE A6,S
Moves: 24 | White pawns: 2 | Black pawns: 3
Board:
    1    2    3    4    5    6    7    8  
   ???? ???? ???? ???? ???? ???? ???? ????
A|  --   --   --   --   MW   --   MW   --  |A
B|  --   --   --   --   --   --   --   --  |B
C|  --   --   --   --   --   --   --   --  |C
D|  --   --   --   --   --   --   --   --  |D
E|  --   --   --   --   --   --   --   --  |E
F|  --   --   --   --   --   --   --   --  |F
G|  --   --   --   --   --   --   --   --  |G
H|  MB   --   MB   MB   --   --   --   --  |H
   ???? ???? ???? ???? ???? ???? ???? ????
    1    2    3    4    5    6    7    8  

Elapsed time: 115
MOVE A5,S
Moves: 25 | White pawns: 2 | Black pawns: 3
Board:
    1    2    3    4    5    6    7    8  
   ???? ???? ???? ???? ???? ???? ???? ????
A|  --   --   --   --   --   --   MW   --  |A
B|  --   --   --   --   --   --   --   --  |B
C|  --   --   --   --   --   --   --   --  |C
D|  --   --   --   --   --   --   --   --  |D
E|  --   --   --   --   --   --   --   --  |E
F|  --   --   --   --   --   --   --   --  |F
G|  --   --   --   --   --   --   --   --  |G
H|  MB   --   MB   MB   MW   --   --   --  |H
   ???? ???? ???? ???? ???? ???? ???? ????
    1    2    3    4    5    6    7    8  

Elapsed time: 87
MOVE H1,NE
Moves: 26 | White pawns: 2 | Black pawns: 3
Board:
    1    2    3    4    5    6    7    8  
   ???? ???? ???? ???? ???? ???? ???? ????
A|  --   --   --   --   --   --   MW   MB  |A
B|  --   --   --   --   --   --   --   --  |B
C|  --   --   --   --   --   --   --   --  |C
D|  --   --   --   --   --   --   --   --  |D
E|  --   --   --   --   --   --   --   --  |E
F|  --   --   --   --   --   --   --   --  |F
G|  --   --   --   --   --   --   --   --  |G
H|  --   --   MB   MB   MW   --   --   --  |H
   ???? ???? ???? ???? ???? ???? ???? ????
    1    2    3    4    5    6    7    8  

Elapsed time: 134
MOVE A7,S
Moves: 27 | White pawns: 2 | Black pawns: 3
Board:
    1    2    3    4    5    6    7    8  
   ???? ???? ???? ???? ???? ???? ???? ????
A|  --   --   --   --   --   --   --   MB  |A
B|  --   --   --   --   --   --   --   --  |B
C|  --   --   --   --   --   --   --   --  |C
D|  --   --   --   --   --   --   --   --  |D
E|  --   --   --   --   --   --   --   --  |E
F|  --   --   --   --   --   --   --   --  |F
G|  --   --   --   --   --   --   --   --  |G
H|  --   --   MB   MB   MW   --   MW   --  |H
   ???? ???? ???? ???? ???? ???? ???? ????
    1    2    3    4    5    6    7    8  

Elapsed time: 63
MOVE A8,S
Moves: 28 | White pawns: 2 | Black pawns: 3
Board:
    1    2    3    4    5    6    7    8  
   ???? ???? ???? ???? ???? ???? ???? ????
A|  --   --   --   --   --   --   --   --  |A
B|  --   --   --   --   --   --   --   --  |B
C|  --   --   --   --   --   --   --   --  |C
D|  --   --   --   --   --   --   --   --  |D
E|  --   --   --   --   --   --   --   --  |E
F|  --   --   --   --   --   --   --   --  |F
G|  --   --   --   --   --   --   --   --  |G
H|  --   --   MB   MB   MW   --   MW   MB  |H
   ???? ???? ???? ???? ???? ???? ???? ????
    1    2    3    4    5    6    7    8  

Elapsed time: 256
MOVE H7,NE
Moves: 29 | White pawns: 2 | Black pawns: 3
Board:
    1    2    3    4    5    6    7    8  
   ???? ???? ???? ???? ???? ???? ???? ????
A|  --   --   --   --   --   --   --   --  |A
B|  --   --   --   --   --   --   --   --  |B
C|  --   --   --   --   --   --   --   --  |C
D|  --   --   --   --   --   --   --   --  |D
E|  --   --   --   --   --   --   --   --  |E
F|  --   --   --   --   --   --   --   --  |F
G|  --   --   --   --   --   --   --   MW  |G
H|  --   --   MB   MB   MW   --   --   MB  |H
   ???? ???? ???? ???? ???? ???? ???? ????
    1    2    3    4    5    6    7    8  

Elapsed time: 89
MOVE H8,W
Moves: 30 | White pawns: 1 | Black pawns: 2
Board:
    1    2    3    4    5    6    7    8  
   ???? ???? ???? ???? ???? ???? ???? ????
A|  --   --   --   --   --   --   --   --  |A
B|  --   --   --   --   --   --   --   --  |B
C|  --   --   --   --   --   --   --   --  |C
D|  --   --   --   --   --   --   --   --  |D
E|  --   --   --   --   --   --   --   --  |E
F|  --   --   --   --   --   --   --   --  |F
G|  --   --   --   --   --   --   --   MW  |G
H|  --   --   MB   MB   --   --   --   --  |H
   ???? ???? ???? ???? ???? ???? ???? ????
    1    2    3    4    5    6    7    8  

Elapsed time: 49
MOVE G8,N
Moves: 31 | White pawns: 1 | Black pawns: 2
Board:
    1    2    3    4    5    6    7    8  
   ???? ???? ???? ???? ???? ???? ???? ????
A|  --   --   --   --   --   --   --   MW  |A
B|  --   --   --   --   --   --   --   --  |B
C|  --   --   --   --   --   --   --   --  |C
D|  --   --   --   --   --   --   --   --  |D
E|  --   --   --   --   --   --   --   --  |E
F|  --   --   --   --   --   --   --   --  |F
G|  --   --   --   --   --   --   --   --  |G
H|  --   --   MB   MB   --   --   --   --  |H
   ???? ???? ???? ???? ???? ???? ???? ????
    1    2    3    4    5    6    7    8  

Elapsed time: 29
MOVE H3,NW
Moves: 32 | White pawns: 1 | Black pawns: 2
Board:
    1    2    3    4    5    6    7    8  
   ???? ???? ???? ???? ???? ???? ???? ????
A|  --   --   --   --   --   --   --   MW  |A
B|  --   --   --   --   --   --   --   --  |B
C|  --   --   --   --   --   --   --   --  |C
D|  --   --   --   --   --   --   --   --  |D
E|  --   --   --   --   --   --   --   --  |E
F|  MB   --   --   --   --   --   --   --  |F
G|  --   --   --   --   --   --   --   --  |G
H|  --   --   --   MB   --   --   --   --  |H
   ???? ???? ???? ???? ???? ???? ???? ????
    1    2    3    4    5    6    7    8  

Elapsed time: 214
MOVE A8,S
Moves: 33 | White pawns: 1 | Black pawns: 2
Board:
    1    2    3    4    5    6    7    8  
   ???? ???? ???? ???? ???? ???? ???? ????
A|  --   --   --   --   --   --   --   --  |A
B|  --   --   --   --   --   --   --   --  |B
C|  --   --   --   --   --   --   --   --  |C
D|  --   --   --   --   --   --   --   --  |D
E|  --   --   --   --   --   --   --   --  |E
F|  MB   --   --   --   --   --   --   --  |F
G|  --   --   --   --   --   --   --   --  |G
H|  --   --   --   MB   --   --   --   MW  |H
   ???? ???? ???? ???? ???? ???? ???? ????
    1    2    3    4    5    6    7    8  

Elapsed time: 25
MOVE H4,E
Moves: 34 | White pawns: 0 | Black pawns: 1
Black wins - White loses

MATCH ENDED in 34 total moves

Final Board:
    1    2    3    4    5    6    7    8  
   ???? ???? ???? ???? ???? ???? ???? ????
A|  --   --   --   --   --   --   --   --  |A
B|  --   --   --   --   --   --   --   --  |B
C|  --   --   --   --   --   --   --   --  |C
D|  --   --   --   --   --   --   --   --  |D
E|  --   --   --   --   --   --   --   --  |E
F|  MB   --   --   --   --   --   --   --  |F
G|  --   --   --   --   --   --   --   --  |G
H|  --   --   --   --   --   --   --   --  |H
   ???? ???? ???? ???? ???? ???? ???? ????
    1    2    3    4    5    6    7    8  
